\BOOKMARK [0][-]{section*.1}{\376\377\000A\000b\000s\000t\000r\000a\000c\000t}{}% 1
\BOOKMARK [0][-]{section*.2}{\376\377\000A\000c\000k\000n\000o\000w\000l\000e\000d\000g\000e\000m\000e\000n\000t\000s}{}% 2
\BOOKMARK [0][-]{chapter.6}{\376\377\000B\000a\000c\000k\000g\000r\000o\000u\000n\000d}{}% 3
\BOOKMARK [1][-]{section.7}{\376\377\000I\000n\000t\000r\000o\000d\000u\000c\000t\000i\000o\000n}{chapter.6}% 4
\BOOKMARK [1][-]{section.8}{\376\377\000R\000a\000s\000p\000b\000e\000r\000r\000y\000\040\000P\000i\000\040}{chapter.6}% 5
\BOOKMARK [2][-]{subsection.9}{\376\377\000A\000R\000M\000\040\000A\000r\000c\000h\000i\000t\000e\000c\000t\000u\000r\000e}{section.8}% 6
\BOOKMARK [2][-]{subsection.10}{\376\377\000R\000a\000s\000p\000b\000e\000r\000r\000y\000\040\000P\000i\000\040\0003}{section.8}% 7
\BOOKMARK [2][-]{subsection.11}{\376\377\000R\000a\000s\000p\000b\000e\000r\000r\000y\000\040\000P\000i\000\040\000Z\000e\000r\000o}{section.8}% 8
\BOOKMARK [1][-]{section.12}{\376\377\000M\000e\000s\000s\000a\000g\000e\000\040\000P\000a\000s\000s\000i\000n\000g\000\040\000I\000n\000t\000e\000r\000f\000a\000c\000e\000\040\000\050\000M\000P\000I\000\051}{chapter.6}% 9
\BOOKMARK [2][-]{subsection.13}{\376\377\000m\000p\000i\0004\000p\000y}{section.12}% 10
\BOOKMARK [1][-]{section.14}{\376\377\000D\000o\000c\000k\000e\000r}{chapter.6}% 11
\BOOKMARK [2][-]{subsection.15}{\376\377\000R\000e\000f\000e\000r\000e\000n\000c\000e\000s}{section.14}% 12
\BOOKMARK [3][-]{section*.17}{\376\377\000A\000\040\000N\000o\000t\000e\000\040\000o\000n\000\040\000b\000i\000b\000t\000e\000x}{subsection.15}% 13
\BOOKMARK [2][-]{subsection.18}{\376\377\000T\000a\000b\000l\000e\000s}{section.14}% 14
\BOOKMARK [2][-]{subsection.20}{\376\377\000F\000i\000g\000u\000r\000e\000s}{section.14}% 15
\BOOKMARK [2][-]{subsection.22}{\376\377\000T\000y\000p\000e\000s\000e\000t\000t\000i\000n\000g\000\040\000m\000a\000t\000h\000e\000m\000a\000t\000i\000c\000s}{section.14}% 16
\BOOKMARK [1][-]{section.24}{\376\377\000S\000e\000c\000t\000i\000o\000n\000i\000n\000g\000\040\000a\000n\000d\000\040\000S\000u\000b\000s\000e\000c\000t\000i\000o\000n\000i\000n\000g}{chapter.6}% 17
\BOOKMARK [1][-]{section.25}{\376\377\000I\000n\000\040\000C\000l\000o\000s\000i\000n\000g}{chapter.6}% 18
\BOOKMARK [0][-]{appendix.26}{\376\377\000F\000r\000e\000q\000u\000e\000n\000t\000l\000y\000\040\000A\000s\000k\000e\000d\000\040\000Q\000u\000e\000s\000t\000i\000o\000n\000s}{}% 19
\BOOKMARK [1][-]{section.27}{\376\377\000H\000o\000w\000\040\000d\000o\000\040\000I\000\040\000c\000h\000a\000n\000g\000e\000\040\000t\000h\000e\000\040\000c\000o\000l\000o\000r\000s\000\040\000o\000f\000\040\000l\000i\000n\000k\000s\000?}{appendix.26}% 20
